<?xml version="1.0" encoding="UTF-8"?>
<testsuite xmlns:xsi="http://www.w3.org/2001/XMLSchema-instance" xsi:noNamespaceSchemaLocation="https://maven.apache.org/surefire/maven-surefire-plugin/xsd/surefire-test-report.xsd" name="BankAccountTest" time="0.001" tests="8" errors="0" skipped="0" failures="0">
  <properties>
    <property name="sun.desktop" value="windows"/>
    <property name="awt.toolkit" value="sun.awt.windows.WToolkit"/>
    <property name="java.specification.version" value="11"/>
    <property name="sun.cpu.isalist" value="amd64"/>
    <property name="sun.jnu.encoding" value="Cp1252"/>
    <property name="java.class.path" value="C:\Users\Vinicius Euleoterio\OneDrive\Códigos\JUnit-Linkedin\target\test-classes;C:\Users\Vinicius Euleoterio\OneDrive\Códigos\JUnit-Linkedin\target\classes;C:\Users\Vinicius Euleoterio\.m2\repository\org\junit\jupiter\junit-jupiter\5.8.1\junit-jupiter-5.8.1.jar;C:\Users\Vinicius Euleoterio\.m2\repository\org\junit\jupiter\junit-jupiter-api\5.8.1\junit-jupiter-api-5.8.1.jar;C:\Users\Vinicius Euleoterio\.m2\repository\org\opentest4j\opentest4j\1.2.0\opentest4j-1.2.0.jar;C:\Users\Vinicius Euleoterio\.m2\repository\org\junit\platform\junit-platform-commons\1.8.1\junit-platform-commons-1.8.1.jar;C:\Users\Vinicius Euleoterio\.m2\repository\org\apiguardian\apiguardian-api\1.1.2\apiguardian-api-1.1.2.jar;C:\Users\Vinicius Euleoterio\.m2\repository\org\junit\jupiter\junit-jupiter-params\5.8.1\junit-jupiter-params-5.8.1.jar;C:\Users\Vinicius Euleoterio\.m2\repository\org\junit\jupiter\junit-jupiter-engine\5.8.1\junit-jupiter-engine-5.8.1.jar;C:\Users\Vinicius Euleoterio\.m2\repository\org\junit\platform\junit-platform-engine\1.8.1\junit-platform-engine-1.8.1.jar;"/>
    <property name="java.vm.vendor" value="Oracle Corporation"/>
    <property name="sun.arch.data.model" value="64"/>
    <property name="user.variant" value=""/>
    <property name="java.vendor.url" value="https://openjdk.java.net/"/>
    <property name="user.timezone" value="America/Sao_Paulo"/>
    <property name="java.vm.specification.version" value="11"/>
    <property name="os.name" value="Windows 10"/>
    <property name="sun.java.launcher" value="SUN_STANDARD"/>
    <property name="user.country" value="US"/>
    <property name="sun.boot.library.path" value="C:\Program Files\Java\jdk-11\bin"/>
    <property name="sun.java.command" value="C:\Users\VINICI~1\AppData\Local\Temp\surefire1562944433670119553\surefirebooter14914544707185586586.jar C:\Users\Vinicius Euleoterio\AppData\Local\Temp\surefire1562944433670119553 2024-02-07T23-54-43_784-jvmRun1 surefire8039085951406352491tmp surefire_016534784097473652429tmp"/>
    <property name="jdk.debug" value="release"/>
    <property name="surefire.test.class.path" value="C:\Users\Vinicius Euleoterio\OneDrive\Códigos\JUnit-Linkedin\target\test-classes;C:\Users\Vinicius Euleoterio\OneDrive\Códigos\JUnit-Linkedin\target\classes;C:\Users\Vinicius Euleoterio\.m2\repository\org\junit\jupiter\junit-jupiter\5.8.1\junit-jupiter-5.8.1.jar;C:\Users\Vinicius Euleoterio\.m2\repository\org\junit\jupiter\junit-jupiter-api\5.8.1\junit-jupiter-api-5.8.1.jar;C:\Users\Vinicius Euleoterio\.m2\repository\org\opentest4j\opentest4j\1.2.0\opentest4j-1.2.0.jar;C:\Users\Vinicius Euleoterio\.m2\repository\org\junit\platform\junit-platform-commons\1.8.1\junit-platform-commons-1.8.1.jar;C:\Users\Vinicius Euleoterio\.m2\repository\org\apiguardian\apiguardian-api\1.1.2\apiguardian-api-1.1.2.jar;C:\Users\Vinicius Euleoterio\.m2\repository\org\junit\jupiter\junit-jupiter-params\5.8.1\junit-jupiter-params-5.8.1.jar;C:\Users\Vinicius Euleoterio\.m2\repository\org\junit\jupiter\junit-jupiter-engine\5.8.1\junit-jupiter-engine-5.8.1.jar;C:\Users\Vinicius Euleoterio\.m2\repository\org\junit\platform\junit-platform-engine\1.8.1\junit-platform-engine-1.8.1.jar;"/>
    <property name="sun.cpu.endian" value="little"/>
    <property name="user.home" value="C:\Users\Vinicius Euleoterio"/>
    <property name="user.language" value="en"/>
    <property name="java.specification.vendor" value="Oracle Corporation"/>
    <property name="java.version.date" value="2023-04-18"/>
    <property name="java.home" value="C:\Program Files\Java\jdk-11"/>
    <property name="file.separator" value="\"/>
    <property name="basedir" value="C:\Users\Vinicius Euleoterio\OneDrive\Códigos\JUnit-Linkedin"/>
    <property name="java.vm.compressedOopsMode" value="Zero based"/>
    <property name="line.separator" value="&#10;"/>
    <property name="java.specification.name" value="Java Platform API Specification"/>
    <property name="java.vm.specification.vendor" value="Oracle Corporation"/>
    <property name="java.awt.graphicsenv" value="sun.awt.Win32GraphicsEnvironment"/>
    <property name="surefire.real.class.path" value="C:\Users\VINICI~1\AppData\Local\Temp\surefire1562944433670119553\surefirebooter14914544707185586586.jar"/>
    <property name="user.script" value=""/>
    <property name="sun.management.compiler" value="HotSpot 64-Bit Tiered Compilers"/>
    <property name="java.runtime.version" value="11.0.19+9-LTS-224"/>
    <property name="user.name" value="Vinicius Euleoterio"/>
    <property name="path.separator" value=";"/>
    <property name="os.version" value="10.0"/>
    <property name="java.runtime.name" value="Java(TM) SE Runtime Environment"/>
    <property name="file.encoding" value="Cp1252"/>
    <property name="java.vm.name" value="Java HotSpot(TM) 64-Bit Server VM"/>
    <property name="java.vendor.version" value="18.9"/>
    <property name="localRepository" value="C:\Users\Vinicius Euleoterio\.m2\repository"/>
    <property name="java.vendor.url.bug" value="https://bugreport.java.com/bugreport/"/>
    <property name="java.io.tmpdir" value="C:\Users\VINICI~1\AppData\Local\Temp\"/>
    <property name="java.version" value="11.0.19"/>
    <property name="user.dir" value="C:\Users\Vinicius Euleoterio\OneDrive\Códigos\JUnit-Linkedin"/>
    <property name="os.arch" value="amd64"/>
    <property name="java.vm.specification.name" value="Java Virtual Machine Specification"/>
    <property name="java.awt.printerjob" value="sun.awt.windows.WPrinterJob"/>
    <property name="sun.os.patch.level" value=""/>
    <property name="java.library.path" value="C:\Program Files\Java\jdk-11\bin;C:\Windows\Sun\Java\bin;C:\Windows\system32;C:\Windows;C:\Program Files\Common Files\Oracle\Java\javapath;C:\Program Files (x86)\Common Files\Oracle\Java\javapath;C:\Windows\system32;C:\Windows;C:\Windows\System32\Wbem;C:\Windows\System32\WindowsPowerShell\v1.0\;C:\Windows\System32\OpenSSH\;C:\Program Files\NVIDIA Corporation\NVIDIA NvDLISR;C:\Program Files (x86)\NVIDIA Corporation\PhysX\Common;C:\Program Files\Java\jdk-11\bin;C:\Program Files\Git\cmd;C:\Program Files\PostgreSQL\13\bin;C:\Program Files\nodejs\;C:\Users\Vinicius Euleoterio\AppData\Local\Microsoft\WindowsApps;C:\Users\Vinicius Euleoterio\AppData\Local\GitHubDesktop\bin;C:\Program Files\JetBrains\IntelliJ IDEA Community Edition 2022.2\bin;;C:\Users\Vinicius Euleoterio\AppData\Local\Programs\Microsoft VS Code\bin;C:\Program Files\JetBrains\IntelliJ IDEA 2023.1\bin;;C:\Users\Vinicius Euleoterio\AppData\Roaming\npm;C:\Users\Vinicius Euleoterio\Downloads\apache-maven-3.9.6\bin;;."/>
    <property name="java.vendor" value="Oracle Corporation"/>
    <property name="java.vm.info" value="mixed mode"/>
    <property name="java.vm.version" value="11.0.19+9-LTS-224"/>
    <property name="sun.io.unicode.encoding" value="UnicodeLittle"/>
    <property name="java.class.version" value="55.0"/>
  </properties>
  <testcase name="testDepositTimeout" classname="BankAccountTest" time="0"/>
  <testcase name="testNoWithdrawBelowMinimum" classname="BankAccountTest" time="0"/>
  <testcase name="testWithdraw" classname="BankAccountTest" time="0"/>
  <testcase name="testeWithdrawNotStuckAtZero" classname="BankAccountTest" time="0"/>
  <testcase name="testDeposit" classname="BankAccountTest" time="0"/>
  <testcase name="testActive" classname="BankAccountTest" time="0"/>
  <testcase name="testWithdrawAndDepositWithoutExceptions" classname="BankAccountTest" time="0"/>
  <testcase name="testHolderNameSet" classname="BankAccountTest" time="0"/>
</testsuite>